{"/run/media/zendex/Dev/work/medical-billing/src/utils/index.ts": {"path":"/run/media/zendex/Dev/work/medical-billing/src/utils/index.ts","statementMap":{"0":{"start":{"line":16,"column":4},"end":{"line":21,"column":null}},"1":{"start":{"line":28,"column":4},"end":{"line":31,"column":null}},"2":{"start":{"line":38,"column":20},"end":{"line":38,"column":null}},"3":{"start":{"line":39,"column":16},"end":{"line":39,"column":null}},"4":{"start":{"line":40,"column":4},"end":{"line":40,"column":null}},"5":{"start":{"line":51,"column":4},"end":{"line":57,"column":null}},"6":{"start":{"line":52,"column":18},"end":{"line":52,"column":null}},"7":{"start":{"line":53,"column":8},"end":{"line":53,"column":null}},"8":{"start":{"line":53,"column":25},"end":{"line":53,"column":null}},"9":{"start":{"line":54,"column":8},"end":{"line":54,"column":null}},"10":{"start":{"line":56,"column":8},"end":{"line":56,"column":null}},"11":{"start":{"line":64,"column":4},"end":{"line":64,"column":null}},"12":{"start":{"line":71,"column":4},"end":{"line":71,"column":null}},"13":{"start":{"line":78,"column":14},"end":{"line":78,"column":null}},"14":{"start":{"line":79,"column":4},"end":{"line":79,"column":null}},"15":{"start":{"line":86,"column":4},"end":{"line":86,"column":null}},"16":{"start":{"line":93,"column":17},"end":{"line":93,"column":null}},"17":{"start":{"line":94,"column":4},"end":{"line":94,"column":null}},"18":{"start":{"line":105,"column":4},"end":{"line":105,"column":null}},"19":{"start":{"line":112,"column":4},"end":{"line":112,"column":null}},"20":{"start":{"line":119,"column":4},"end":{"line":119,"column":null}},"21":{"start":{"line":126,"column":4},"end":{"line":126,"column":null}},"22":{"start":{"line":126,"column":23},"end":{"line":126,"column":null}},"23":{"start":{"line":127,"column":23},"end":{"line":127,"column":null}},"24":{"start":{"line":128,"column":18},"end":{"line":128,"column":null}},"25":{"start":{"line":129,"column":4},"end":{"line":129,"column":null}},"26":{"start":{"line":129,"column":31},"end":{"line":129,"column":56}},"27":{"start":{"line":140,"column":4},"end":{"line":146,"column":null}},"28":{"start":{"line":141,"column":16},"end":{"line":141,"column":null}},"29":{"start":{"line":142,"column":16},"end":{"line":142,"column":null}},"30":{"start":{"line":143,"column":17},"end":{"line":143,"column":null}},"31":{"start":{"line":144,"column":17},"end":{"line":144,"column":null}},"32":{"start":{"line":145,"column":17},"end":{"line":145,"column":null}},"33":{"start":{"line":153,"column":4},"end":{"line":161,"column":null}},"34":{"start":{"line":155,"column":12},"end":{"line":155,"column":null}},"35":{"start":{"line":157,"column":12},"end":{"line":157,"column":null}},"36":{"start":{"line":160,"column":12},"end":{"line":160,"column":null}},"37":{"start":{"line":168,"column":4},"end":{"line":176,"column":null}},"38":{"start":{"line":170,"column":12},"end":{"line":170,"column":null}},"39":{"start":{"line":172,"column":12},"end":{"line":172,"column":null}},"40":{"start":{"line":175,"column":12},"end":{"line":175,"column":null}},"41":{"start":{"line":187,"column":4},"end":{"line":187,"column":null}},"42":{"start":{"line":187,"column":16},"end":{"line":187,"column":null}},"43":{"start":{"line":188,"column":18},"end":{"line":188,"column":null}},"44":{"start":{"line":189,"column":4},"end":{"line":189,"column":null}},"45":{"start":{"line":196,"column":4},"end":{"line":196,"column":null}},"46":{"start":{"line":196,"column":16},"end":{"line":196,"column":null}},"47":{"start":{"line":197,"column":18},"end":{"line":197,"column":null}},"48":{"start":{"line":198,"column":4},"end":{"line":198,"column":null}},"49":{"start":{"line":205,"column":4},"end":{"line":205,"column":null}},"50":{"start":{"line":205,"column":16},"end":{"line":205,"column":null}},"51":{"start":{"line":206,"column":18},"end":{"line":206,"column":null}},"52":{"start":{"line":207,"column":4},"end":{"line":207,"column":null}},"53":{"start":{"line":220,"column":4},"end":{"line":232,"column":null}},"54":{"start":{"line":221,"column":20},"end":{"line":226,"column":null}},"55":{"start":{"line":228,"column":8},"end":{"line":231,"column":null}},"56":{"start":{"line":229,"column":12},"end":{"line":229,"column":null}},"57":{"start":{"line":230,"column":12},"end":{"line":230,"column":null}},"58":{"start":{"line":248,"column":4},"end":{"line":251,"column":null}},"59":{"start":{"line":249,"column":8},"end":{"line":249,"column":null}},"60":{"start":{"line":250,"column":8},"end":{"line":250,"column":null}},"61":{"start":{"line":250,"column":37},"end":{"line":250,"column":50}},"62":{"start":{"line":263,"column":4},"end":{"line":269,"column":null}},"63":{"start":{"line":264,"column":8},"end":{"line":268,"column":null}},"64":{"start":{"line":265,"column":12},"end":{"line":265,"column":null}},"65":{"start":{"line":266,"column":12},"end":{"line":266,"column":null}},"66":{"start":{"line":267,"column":12},"end":{"line":267,"column":null}},"67":{"start":{"line":267,"column":29},"end":{"line":267,"column":49}},"68":{"start":{"line":280,"column":4},"end":{"line":280,"column":null}},"69":{"start":{"line":287,"column":4},"end":{"line":287,"column":null}},"70":{"start":{"line":294,"column":4},"end":{"line":294,"column":null}},"71":{"start":{"line":301,"column":4},"end":{"line":305,"column":null}},"72":{"start":{"line":302,"column":25},"end":{"line":302,"column":null}},"73":{"start":{"line":303,"column":8},"end":{"line":303,"column":null}},"74":{"start":{"line":304,"column":8},"end":{"line":304,"column":null}},"75":{"start":{"line":312,"column":4},"end":{"line":318,"column":null}},"76":{"start":{"line":313,"column":21},"end":{"line":313,"column":null}},"77":{"start":{"line":314,"column":21},"end":{"line":314,"column":null}},"78":{"start":{"line":315,"column":8},"end":{"line":315,"column":null}},"79":{"start":{"line":315,"column":25},"end":{"line":315,"column":null}},"80":{"start":{"line":316,"column":8},"end":{"line":316,"column":null}},"81":{"start":{"line":316,"column":25},"end":{"line":316,"column":null}},"82":{"start":{"line":317,"column":8},"end":{"line":317,"column":null}}},"fnMap":{"0":{"name":"formatCurrency","decl":{"start":{"line":15,"column":16},"end":{"line":15,"column":31}},"loc":{"start":{"line":15,"column":55},"end":{"line":22,"column":null}},"line":15},"1":{"name":"formatNumber","decl":{"start":{"line":27,"column":16},"end":{"line":27,"column":29}},"loc":{"start":{"line":27,"column":75},"end":{"line":32,"column":null}},"line":27},"2":{"name":"parseCurrency","decl":{"start":{"line":37,"column":16},"end":{"line":37,"column":30}},"loc":{"start":{"line":37,"column":53},"end":{"line":41,"column":null}},"line":37},"3":{"name":"formatDate","decl":{"start":{"line":50,"column":16},"end":{"line":50,"column":27}},"loc":{"start":{"line":50,"column":90},"end":{"line":58,"column":null}},"line":50},"4":{"name":"formatDateTime","decl":{"start":{"line":63,"column":16},"end":{"line":63,"column":31}},"loc":{"start":{"line":63,"column":60},"end":{"line":65,"column":null}},"line":63},"5":{"name":"toISODate","decl":{"start":{"line":70,"column":16},"end":{"line":70,"column":26}},"loc":{"start":{"line":70,"column":46},"end":{"line":72,"column":null}},"line":70},"6":{"name":"daysUntil","decl":{"start":{"line":77,"column":16},"end":{"line":77,"column":26}},"loc":{"start":{"line":77,"column":55},"end":{"line":80,"column":null}},"line":77},"7":{"name":"isExpired","decl":{"start":{"line":85,"column":16},"end":{"line":85,"column":26}},"loc":{"start":{"line":85,"column":56},"end":{"line":87,"column":null}},"line":85},"8":{"name":"isExpiringSoon","decl":{"start":{"line":92,"column":16},"end":{"line":92,"column":31}},"loc":{"start":{"line":92,"column":80},"end":{"line":95,"column":null}},"line":92},"9":{"name":"capitalize","decl":{"start":{"line":104,"column":16},"end":{"line":104,"column":27}},"loc":{"start":{"line":104,"column":48},"end":{"line":106,"column":null}},"line":104},"10":{"name":"truncate","decl":{"start":{"line":111,"column":16},"end":{"line":111,"column":25}},"loc":{"start":{"line":111,"column":62},"end":{"line":113,"column":null}},"line":111},"11":{"name":"toSearchable","decl":{"start":{"line":118,"column":16},"end":{"line":118,"column":29}},"loc":{"start":{"line":118,"column":50},"end":{"line":120,"column":null}},"line":118},"12":{"name":"matchesSearch","decl":{"start":{"line":125,"column":16},"end":{"line":125,"column":30}},"loc":{"start":{"line":125,"column":68},"end":{"line":130,"column":null}},"line":125},"13":{"name":"(anonymous_13)","decl":{"start":{"line":129,"column":23},"end":{"line":129,"column":31}},"loc":{"start":{"line":129,"column":31},"end":{"line":129,"column":56}},"line":129},"14":{"name":"getGstLabel","decl":{"start":{"line":139,"column":16},"end":{"line":139,"column":28}},"loc":{"start":{"line":139,"column":50},"end":{"line":147,"column":null}},"line":139},"15":{"name":"getStockStatusInfo","decl":{"start":{"line":152,"column":16},"end":{"line":152,"column":35}},"loc":{"start":{"line":152,"column":85},"end":{"line":162,"column":null}},"line":152},"16":{"name":"getExpiryStatusInfo","decl":{"start":{"line":167,"column":16},"end":{"line":167,"column":36}},"loc":{"start":{"line":167,"column":86},"end":{"line":177,"column":null}},"line":167},"17":{"name":"isValidGSTIN","decl":{"start":{"line":186,"column":16},"end":{"line":186,"column":29}},"loc":{"start":{"line":186,"column":53},"end":{"line":190,"column":null}},"line":186},"18":{"name":"isValidPhone","decl":{"start":{"line":195,"column":16},"end":{"line":195,"column":29}},"loc":{"start":{"line":195,"column":53},"end":{"line":199,"column":null}},"line":195},"19":{"name":"isValidEmail","decl":{"start":{"line":204,"column":16},"end":{"line":204,"column":29}},"loc":{"start":{"line":204,"column":53},"end":{"line":208,"column":null}},"line":204},"20":{"name":"createShortcutHandler","decl":{"start":{"line":217,"column":16},"end":{"line":217,"column":null}},"loc":{"start":{"line":219,"column":30},"end":{"line":233,"column":null}},"line":219},"21":{"name":"(anonymous_21)","decl":{"start":{"line":220,"column":11},"end":{"line":220,"column":12}},"loc":{"start":{"line":220,"column":33},"end":{"line":232,"column":null}},"line":220},"22":{"name":"debounce","decl":{"start":{"line":243,"column":16},"end":{"line":243,"column":null}},"loc":{"start":{"line":246,"column":36},"end":{"line":252,"column":null}},"line":246},"23":{"name":"(anonymous_23)","decl":{"start":{"line":248,"column":11},"end":{"line":248,"column":15}},"loc":{"start":{"line":248,"column":39},"end":{"line":251,"column":null}},"line":248},"24":{"name":"(anonymous_24)","decl":{"start":{"line":250,"column":31},"end":{"line":250,"column":37}},"loc":{"start":{"line":250,"column":37},"end":{"line":250,"column":50}},"line":250},"25":{"name":"throttle","decl":{"start":{"line":258,"column":16},"end":{"line":258,"column":null}},"loc":{"start":{"line":261,"column":36},"end":{"line":270,"column":null}},"line":261},"26":{"name":"(anonymous_26)","decl":{"start":{"line":263,"column":11},"end":{"line":263,"column":15}},"loc":{"start":{"line":263,"column":39},"end":{"line":269,"column":null}},"line":263},"27":{"name":"(anonymous_27)","decl":{"start":{"line":267,"column":23},"end":{"line":267,"column":29}},"loc":{"start":{"line":267,"column":29},"end":{"line":267,"column":49}},"line":267},"28":{"name":"generateId","decl":{"start":{"line":279,"column":16},"end":{"line":279,"column":37}},"loc":{"start":{"line":279,"column":37},"end":{"line":281,"column":null}},"line":279},"29":{"name":"deepClone","decl":{"start":{"line":286,"column":16},"end":{"line":286,"column":29}},"loc":{"start":{"line":286,"column":40},"end":{"line":288,"column":null}},"line":286},"30":{"name":"isEmpty","decl":{"start":{"line":293,"column":16},"end":{"line":293,"column":24}},"loc":{"start":{"line":293,"column":46},"end":{"line":295,"column":null}},"line":293},"31":{"name":"groupBy","decl":{"start":{"line":300,"column":16},"end":{"line":300,"column":27}},"loc":{"start":{"line":300,"column":74},"end":{"line":306,"column":null}},"line":300},"32":{"name":"(anonymous_32)","decl":{"start":{"line":301,"column":24},"end":{"line":301,"column":25}},"loc":{"start":{"line":301,"column":42},"end":{"line":305,"column":7}},"line":301},"33":{"name":"sortBy","decl":{"start":{"line":311,"column":16},"end":{"line":311,"column":26}},"loc":{"start":{"line":311,"column":88},"end":{"line":319,"column":null}},"line":311},"34":{"name":"(anonymous_34)","decl":{"start":{"line":312,"column":27},"end":{"line":312,"column":28}},"loc":{"start":{"line":312,"column":37},"end":{"line":318,"column":5}},"line":312}},"branchMap":{"0":{"loc":{"start":{"line":27,"column":45},"end":{"line":27,"column":75}},"type":"default-arg","locations":[{"start":{"line":27,"column":64},"end":{"line":27,"column":75}}],"line":27},"1":{"loc":{"start":{"line":40,"column":11},"end":{"line":40,"column":null}},"type":"cond-expr","locations":[{"start":{"line":40,"column":24},"end":{"line":40,"column":28}},{"start":{"line":40,"column":28},"end":{"line":40,"column":null}}],"line":40},"2":{"loc":{"start":{"line":50,"column":48},"end":{"line":50,"column":90}},"type":"default-arg","locations":[{"start":{"line":50,"column":68},"end":{"line":50,"column":90}}],"line":50},"3":{"loc":{"start":{"line":52,"column":18},"end":{"line":52,"column":null}},"type":"cond-expr","locations":[{"start":{"line":52,"column":34},"end":{"line":52,"column":62}},{"start":{"line":52,"column":62},"end":{"line":52,"column":null}}],"line":52},"4":{"loc":{"start":{"line":53,"column":8},"end":{"line":53,"column":null}},"type":"if","locations":[{"start":{"line":53,"column":8},"end":{"line":53,"column":null}},{"start":{},"end":{}}],"line":53},"5":{"loc":{"start":{"line":78,"column":14},"end":{"line":78,"column":null}},"type":"cond-expr","locations":[{"start":{"line":78,"column":30},"end":{"line":78,"column":58}},{"start":{"line":78,"column":58},"end":{"line":78,"column":null}}],"line":78},"6":{"loc":{"start":{"line":92,"column":52},"end":{"line":92,"column":80}},"type":"default-arg","locations":[{"start":{"line":92,"column":67},"end":{"line":92,"column":80}}],"line":92},"7":{"loc":{"start":{"line":94,"column":11},"end":{"line":94,"column":null}},"type":"binary-expr","locations":[{"start":{"line":94,"column":11},"end":{"line":94,"column":24}},{"start":{"line":94,"column":24},"end":{"line":94,"column":null}}],"line":94},"8":{"loc":{"start":{"line":112,"column":11},"end":{"line":112,"column":null}},"type":"cond-expr","locations":[{"start":{"line":112,"column":33},"end":{"line":112,"column":64}},{"start":{"line":112,"column":64},"end":{"line":112,"column":null}}],"line":112},"9":{"loc":{"start":{"line":126,"column":4},"end":{"line":126,"column":null}},"type":"if","locations":[{"start":{"line":126,"column":4},"end":{"line":126,"column":null}},{"start":{},"end":{}}],"line":126},"10":{"loc":{"start":{"line":140,"column":4},"end":{"line":146,"column":null}},"type":"switch","locations":[{"start":{"line":141,"column":8},"end":{"line":141,"column":null}},{"start":{"line":142,"column":8},"end":{"line":142,"column":null}},{"start":{"line":143,"column":8},"end":{"line":143,"column":null}},{"start":{"line":144,"column":8},"end":{"line":144,"column":null}},{"start":{"line":145,"column":8},"end":{"line":145,"column":null}}],"line":140},"11":{"loc":{"start":{"line":153,"column":4},"end":{"line":161,"column":null}},"type":"switch","locations":[{"start":{"line":154,"column":8},"end":{"line":155,"column":null}},{"start":{"line":156,"column":8},"end":{"line":157,"column":null}},{"start":{"line":158,"column":8},"end":{"line":158,"column":null}},{"start":{"line":159,"column":8},"end":{"line":160,"column":null}}],"line":153},"12":{"loc":{"start":{"line":168,"column":4},"end":{"line":176,"column":null}},"type":"switch","locations":[{"start":{"line":169,"column":8},"end":{"line":170,"column":null}},{"start":{"line":171,"column":8},"end":{"line":172,"column":null}},{"start":{"line":173,"column":8},"end":{"line":173,"column":null}},{"start":{"line":174,"column":8},"end":{"line":175,"column":null}}],"line":168},"13":{"loc":{"start":{"line":187,"column":4},"end":{"line":187,"column":null}},"type":"if","locations":[{"start":{"line":187,"column":4},"end":{"line":187,"column":null}},{"start":{},"end":{}}],"line":187},"14":{"loc":{"start":{"line":196,"column":4},"end":{"line":196,"column":null}},"type":"if","locations":[{"start":{"line":196,"column":4},"end":{"line":196,"column":null}},{"start":{},"end":{}}],"line":196},"15":{"loc":{"start":{"line":205,"column":4},"end":{"line":205,"column":null}},"type":"if","locations":[{"start":{"line":205,"column":4},"end":{"line":205,"column":null}},{"start":{},"end":{}}],"line":205},"16":{"loc":{"start":{"line":222,"column":12},"end":{"line":222,"column":null}},"type":"binary-expr","locations":[{"start":{"line":222,"column":12},"end":{"line":222,"column":25}},{"start":{"line":222,"column":25},"end":{"line":222,"column":null}}],"line":222},"17":{"loc":{"start":{"line":223,"column":12},"end":{"line":223,"column":null}},"type":"binary-expr","locations":[{"start":{"line":223,"column":12},"end":{"line":223,"column":24}},{"start":{"line":223,"column":24},"end":{"line":223,"column":null}}],"line":223},"18":{"loc":{"start":{"line":224,"column":12},"end":{"line":224,"column":null}},"type":"binary-expr","locations":[{"start":{"line":224,"column":12},"end":{"line":224,"column":26}},{"start":{"line":224,"column":26},"end":{"line":224,"column":null}}],"line":224},"19":{"loc":{"start":{"line":228,"column":8},"end":{"line":231,"column":null}},"type":"if","locations":[{"start":{"line":228,"column":8},"end":{"line":231,"column":null}},{"start":{},"end":{}}],"line":228},"20":{"loc":{"start":{"line":264,"column":8},"end":{"line":268,"column":null}},"type":"if","locations":[{"start":{"line":264,"column":8},"end":{"line":268,"column":null}},{"start":{},"end":{}}],"line":264},"21":{"loc":{"start":{"line":303,"column":28},"end":{"line":303,"column":52}},"type":"binary-expr","locations":[{"start":{"line":303,"column":28},"end":{"line":303,"column":48}},{"start":{"line":303,"column":48},"end":{"line":303,"column":52}}],"line":303},"22":{"loc":{"start":{"line":311,"column":52},"end":{"line":311,"column":88}},"type":"default-arg","locations":[{"start":{"line":311,"column":76},"end":{"line":311,"column":88}}],"line":311},"23":{"loc":{"start":{"line":315,"column":8},"end":{"line":315,"column":null}},"type":"if","locations":[{"start":{"line":315,"column":8},"end":{"line":315,"column":null}},{"start":{},"end":{}}],"line":315},"24":{"loc":{"start":{"line":315,"column":32},"end":{"line":315,"column":null}},"type":"cond-expr","locations":[{"start":{"line":315,"column":50},"end":{"line":315,"column":55}},{"start":{"line":315,"column":55},"end":{"line":315,"column":null}}],"line":315},"25":{"loc":{"start":{"line":316,"column":8},"end":{"line":316,"column":null}},"type":"if","locations":[{"start":{"line":316,"column":8},"end":{"line":316,"column":null}},{"start":{},"end":{}}],"line":316},"26":{"loc":{"start":{"line":316,"column":32},"end":{"line":316,"column":null}},"type":"cond-expr","locations":[{"start":{"line":316,"column":50},"end":{"line":316,"column":54}},{"start":{"line":316,"column":54},"end":{"line":316,"column":null}}],"line":316}},"s":{"0":4,"1":1,"2":4,"3":4,"4":4,"5":3,"6":3,"7":3,"8":1,"9":2,"10":0,"11":0,"12":0,"13":6,"14":6,"15":2,"16":2,"17":2,"18":2,"19":2,"20":6,"21":4,"22":1,"23":3,"24":3,"25":3,"26":3,"27":0,"28":0,"29":0,"30":0,"31":0,"32":0,"33":3,"34":1,"35":1,"36":1,"37":3,"38":1,"39":1,"40":1,"41":4,"42":1,"43":3,"44":3,"45":5,"46":1,"47":4,"48":4,"49":5,"50":1,"51":4,"52":4,"53":0,"54":0,"55":0,"56":0,"57":0,"58":0,"59":0,"60":0,"61":0,"62":0,"63":0,"64":0,"65":0,"66":0,"67":0,"68":0,"69":0,"70":0,"71":0,"72":0,"73":0,"74":0,"75":0,"76":0,"77":0,"78":0,"79":0,"80":0,"81":0,"82":0},"f":{"0":4,"1":1,"2":4,"3":3,"4":0,"5":0,"6":6,"7":2,"8":2,"9":2,"10":2,"11":6,"12":4,"13":3,"14":0,"15":3,"16":3,"17":4,"18":5,"19":5,"20":0,"21":0,"22":0,"23":0,"24":0,"25":0,"26":0,"27":0,"28":0,"29":0,"30":0,"31":0,"32":0,"33":0,"34":0},"b":{"0":[1],"1":[2,2],"2":[3],"3":[3,0],"4":[1,2],"5":[0,6],"6":[2],"7":[2,2],"8":[1,1],"9":[1,3],"10":[0,0,0,0,0],"11":[1,1,1,1],"12":[1,1,1,1],"13":[1,3],"14":[1,4],"15":[1,4],"16":[0,0],"17":[0,0],"18":[0,0],"19":[0,0],"20":[0,0],"21":[0,0],"22":[0],"23":[0,0],"24":[0,0],"25":[0,0],"26":[0,0]},"meta":{"lastBranch":27,"lastFunction":35,"lastStatement":83,"seen":{"f:15:16:15:31":0,"s:16:4:21:Infinity":0,"f:27:16:27:29":1,"b:27:64:27:75":0,"s:28:4:31:Infinity":1,"f:37:16:37:30":2,"s:38:20:38:Infinity":2,"s:39:16:39:Infinity":3,"s:40:4:40:Infinity":4,"b:40:24:40:28:40:28:40:Infinity":1,"f:50:16:50:27":3,"b:50:68:50:90":2,"s:51:4:57:Infinity":5,"s:52:18:52:Infinity":6,"b:52:34:52:62:52:62:52:Infinity":3,"b:53:8:53:Infinity:undefined:undefined:undefined:undefined":4,"s:53:8:53:Infinity":7,"s:53:25:53:Infinity":8,"s:54:8:54:Infinity":9,"s:56:8:56:Infinity":10,"f:63:16:63:31":4,"s:64:4:64:Infinity":11,"f:70:16:70:26":5,"s:71:4:71:Infinity":12,"f:77:16:77:26":6,"s:78:14:78:Infinity":13,"b:78:30:78:58:78:58:78:Infinity":5,"s:79:4:79:Infinity":14,"f:85:16:85:26":7,"s:86:4:86:Infinity":15,"f:92:16:92:31":8,"b:92:67:92:80":6,"s:93:17:93:Infinity":16,"s:94:4:94:Infinity":17,"b:94:11:94:24:94:24:94:Infinity":7,"f:104:16:104:27":9,"s:105:4:105:Infinity":18,"f:111:16:111:25":10,"s:112:4:112:Infinity":19,"b:112:33:112:64:112:64:112:Infinity":8,"f:118:16:118:29":11,"s:119:4:119:Infinity":20,"f:125:16:125:30":12,"b:126:4:126:Infinity:undefined:undefined:undefined:undefined":9,"s:126:4:126:Infinity":21,"s:126:23:126:Infinity":22,"s:127:23:127:Infinity":23,"s:128:18:128:Infinity":24,"s:129:4:129:Infinity":25,"f:129:23:129:31":13,"s:129:31:129:56":26,"f:139:16:139:28":14,"b:141:8:141:Infinity:142:8:142:Infinity:143:8:143:Infinity:144:8:144:Infinity:145:8:145:Infinity":10,"s:140:4:146:Infinity":27,"s:141:16:141:Infinity":28,"s:142:16:142:Infinity":29,"s:143:17:143:Infinity":30,"s:144:17:144:Infinity":31,"s:145:17:145:Infinity":32,"f:152:16:152:35":15,"b:154:8:155:Infinity:156:8:157:Infinity:158:8:158:Infinity:159:8:160:Infinity":11,"s:153:4:161:Infinity":33,"s:155:12:155:Infinity":34,"s:157:12:157:Infinity":35,"s:160:12:160:Infinity":36,"f:167:16:167:36":16,"b:169:8:170:Infinity:171:8:172:Infinity:173:8:173:Infinity:174:8:175:Infinity":12,"s:168:4:176:Infinity":37,"s:170:12:170:Infinity":38,"s:172:12:172:Infinity":39,"s:175:12:175:Infinity":40,"f:186:16:186:29":17,"b:187:4:187:Infinity:undefined:undefined:undefined:undefined":13,"s:187:4:187:Infinity":41,"s:187:16:187:Infinity":42,"s:188:18:188:Infinity":43,"s:189:4:189:Infinity":44,"f:195:16:195:29":18,"b:196:4:196:Infinity:undefined:undefined:undefined:undefined":14,"s:196:4:196:Infinity":45,"s:196:16:196:Infinity":46,"s:197:18:197:Infinity":47,"s:198:4:198:Infinity":48,"f:204:16:204:29":19,"b:205:4:205:Infinity:undefined:undefined:undefined:undefined":15,"s:205:4:205:Infinity":49,"s:205:16:205:Infinity":50,"s:206:18:206:Infinity":51,"s:207:4:207:Infinity":52,"f:217:16:217:Infinity":20,"s:220:4:232:Infinity":53,"f:220:11:220:12":21,"s:221:20:226:Infinity":54,"b:222:12:222:25:222:25:222:Infinity":16,"b:223:12:223:24:223:24:223:Infinity":17,"b:224:12:224:26:224:26:224:Infinity":18,"b:228:8:231:Infinity:undefined:undefined:undefined:undefined":19,"s:228:8:231:Infinity":55,"s:229:12:229:Infinity":56,"s:230:12:230:Infinity":57,"f:243:16:243:Infinity":22,"s:248:4:251:Infinity":58,"f:248:11:248:15":23,"s:249:8:249:Infinity":59,"s:250:8:250:Infinity":60,"f:250:31:250:37":24,"s:250:37:250:50":61,"f:258:16:258:Infinity":25,"s:263:4:269:Infinity":62,"f:263:11:263:15":26,"b:264:8:268:Infinity:undefined:undefined:undefined:undefined":20,"s:264:8:268:Infinity":63,"s:265:12:265:Infinity":64,"s:266:12:266:Infinity":65,"s:267:12:267:Infinity":66,"f:267:23:267:29":27,"s:267:29:267:49":67,"f:279:16:279:37":28,"s:280:4:280:Infinity":68,"f:286:16:286:29":29,"s:287:4:287:Infinity":69,"f:293:16:293:24":30,"s:294:4:294:Infinity":70,"f:300:16:300:27":31,"s:301:4:305:Infinity":71,"f:301:24:301:25":32,"s:302:25:302:Infinity":72,"s:303:8:303:Infinity":73,"b:303:28:303:48:303:48:303:52":21,"s:304:8:304:Infinity":74,"f:311:16:311:26":33,"b:311:76:311:88":22,"s:312:4:318:Infinity":75,"f:312:27:312:28":34,"s:313:21:313:Infinity":76,"s:314:21:314:Infinity":77,"b:315:8:315:Infinity:undefined:undefined:undefined:undefined":23,"s:315:8:315:Infinity":78,"s:315:25:315:Infinity":79,"b:315:50:315:55:315:55:315:Infinity":24,"b:316:8:316:Infinity:undefined:undefined:undefined:undefined":25,"s:316:8:316:Infinity":80,"s:316:25:316:Infinity":81,"b:316:50:316:54:316:54:316:Infinity":26,"s:317:8:317:Infinity":82}}}
}
